\BOOKMARK [0][-]{chapter.1}{\376\377\000C\000u\000r\000r\000i\000c\000u\000l\000u\000m\000\040\000V\000i\000t\000a\000e}{}% 1
\BOOKMARK [1][-]{section.1.1}{\376\377\000P\000o\000s\000i\000t\000i\000o\000n\000s\000\040\000d\000e\000\040\000r\000e\000c\000h\000e\000r\000c\000h\000e}{chapter.1}% 2
\BOOKMARK [1][-]{section.1.2}{\376\377\000C\000o\000l\000l\000a\000b\000o\000r\000a\000t\000i\000o\000n\000s\000\040\000i\000n\000t\000e\000r\000n\000a\000t\000i\000o\000n\000a\000l\000e\000s\000\040\000p\000r\000\351\000s\000e\000n\000t\000e\000s}{chapter.1}% 3
\BOOKMARK [1][-]{section.1.3}{\376\377\000\311\000d\000u\000c\000a\000t\000i\000o\000n\000\040\000\046\000\040\000Q\000u\000a\000l\000i\000f\000i\000c\000a\000t\000i\000o\000n\000s}{chapter.1}% 4
\BOOKMARK [1][-]{section.1.4}{\376\377\000F\000i\000n\000a\000n\000c\000e\000m\000e\000n\000t\000s\000\040\000o\000b\000t\000e\000n\000u\000s}{chapter.1}% 5
\BOOKMARK [1][-]{section.1.5}{\376\377\000E\000n\000s\000e\000i\000g\000n\000e\000m\000e\000n\000t\000\040\000\046\000\040\000M\000\351\000d\000i\000a\000t\000i\000o\000n\000\040\000S\000c\000i\000e\000n\000t\000i\000f\000i\000q\000u\000e}{chapter.1}% 6
\BOOKMARK [1][-]{section.1.6}{\376\377\000E\000x\000p\000e\000r\000t\000i\000s\000e}{chapter.1}% 7
\BOOKMARK [0][-]{chapter.2}{\376\377\000P\000u\000b\000l\000i\000c\000a\000t\000i\000o\000n\000s\000\040\000S\000c\000i\000e\000n\000t\000i\000f\000i\000q\000u\000e\000s}{}% 8
\BOOKMARK [1][-]{section.2.1}{\376\377\000P\000a\000p\000i\000e\000r\000s\000\040\000p\000r\000e\000m\000i\000e\000r\000\040\000a\000u\000t\000e\000u\000r\000\040\000d\000a\000n\000s\000\040\000r\000e\000v\000u\000e\000s\000\040\000\340\000\040\000c\000o\000m\000i\000t\000\351\000\040\000d\000e\000\040\000l\000e\000c\000t\000u\000r\000e}{chapter.2}% 9
\BOOKMARK [1][-]{section.2.2}{\376\377\000A\000u\000t\000r\000e\000s\000\040\000p\000a\000p\000i\000e\000r\000s\000\040\000d\000e\000\040\000r\000e\000v\000u\000e\000s\000\040\000\340\000\040\000c\000o\000m\000i\000t\000\351\000\040\000d\000e\000\040\000l\000e\000c\000t\000u\000r\000e}{chapter.2}% 10
\BOOKMARK [1][-]{section.2.3}{\376\377\000P\000a\000p\000i\000e\000r\000s\000\040\000p\000u\000b\000l\000i\000\351\000s\000\040\000s\000a\000n\000s\000\040\000c\000o\000m\000i\000t\000\351\000\040\000d\000e\000\040\000l\000e\000c\000t\000u\000r\000e}{chapter.2}% 11
\BOOKMARK [1][-]{section.2.4}{\376\377\000P\000o\000s\000t\000e\000r\000s}{chapter.2}% 12
\BOOKMARK [1][-]{section.2.5}{\376\377\000C\000o\000n\000f\000\351\000r\000e\000n\000c\000e\000s\000\040\000\046\000\040\000S\000\351\000m\000i\000n\000a\000i\000r\000e\000s\000\040\000I\000n\000v\000i\000t\000\351\000s}{chapter.2}% 13
\BOOKMARK [1][-]{section.2.6}{\376\377\000P\000a\000r\000t\000i\000c\000i\000p\000a\000t\000i\000o\000n\000s\000\040\000o\000r\000a\000l\000e\000s\000\040\000\340\000\040\000c\000o\000n\000f\000\351\000r\000e\000n\000c\000e\000s\000\040\000\046\000\040\000w\000o\000r\000k\000s\000h\000o\000p\000s}{chapter.2}% 14
\BOOKMARK [0][-]{chapter.3}{\376\377\000T\000r\000a\000v\000a\000u\000x\000\040\000d\000e\000\040\000r\000e\000c\000h\000e\000r\000c\000h\000e}{}% 15
\BOOKMARK [0][-]{chapter.4}{\376\377\000T\000r\000a\000v\000a\000u\000x\000\040\000d\000'\000e\000n\000s\000e\000i\000g\000n\000e\000m\000e\000n\000t}{}% 16
\BOOKMARK [1][-]{section.4.1}{\376\377\000E\000n\000s\000e\000i\000g\000n\000e\000m\000e\000n\000t\000s\000\040\000e\000f\000f\000e\000c\000t\000u\000\351\000s}{chapter.4}% 17
\BOOKMARK [1][-]{section.4.2}{\376\377\000A\000p\000p\000r\000o\000c\000h\000e\000\040\000p\000\351\000d\000a\000g\000o\000g\000i\000q\000u\000e}{chapter.4}% 18
\BOOKMARK [1][-]{section.4.3}{\376\377\000E\000n\000c\000a\000d\000r\000e\000m\000e\000n\000t\000\040\000d\000e\000\040\000p\000r\000o\000j\000e\000t\000s\000\040\000d\000e\000\040\000M\000a\000s\000t\000e\000r\000\040\000e\000t\000\040\000d\000e\000\040\000t\000h\000\350\000s\000e}{chapter.4}% 19
\BOOKMARK [0][-]{chapter.5}{\376\377\000T\000e\000m\000p\000s\000\040\000d\000'\000o\000b\000s\000e\000r\000v\000a\000t\000i\000o\000n\000\040\000o\000b\000t\000e\000n\000u\000s\000\040\000s\000u\000r\000\040\000t\000\351\000l\000e\000s\000c\000o\000p\000e\000s}{}% 20
\BOOKMARK [0][-]{chapter.6}{\376\377\000T\000r\000a\000v\000a\000u\000x\000\040\000d\000'\000i\000n\000s\000t\000r\000u\000m\000e\000n\000t\000a\000t\000i\000o\000n}{}% 21
